<?xml version="1.0" encoding="UTF-8"?>
<!-- Generated by org.testng.reporters.JUnitReportReporter -->
<testsuite hostname="DESKTOP-M1O57FK" name="com.training.sanity.tests.RTTC_035" tests="1" failures="0" timestamp="6 Nov 2019 06:29:07 GMT" time="0.003" errors="1">
  <testcase name="f" time="0.003" classname="com.training.sanity.tests.RTTC_035">
    <error type="org.openqa.selenium.SessionNotCreatedException" message="session not created: This version of ChromeDriver only supports Chrome version 76
Build info: version: &#039;3.6.0&#039;, revision: &#039;6fbf3ec767&#039;, time: &#039;2017-09-27T15:28:36.4Z&#039;
System info: host: &#039;DESKTOP-M1O57FK&#039;, ip: &#039;9.204.98.236&#039;, os.name: &#039;Windows 10&#039;, os.arch: &#039;amd64&#039;, os.version: &#039;10.0&#039;, java.version: &#039;1.8.0_221&#039;
Driver info: driver.version: ChromeDriver
remote stacktrace: Backtrace:
	Ordinal0 [0x00877C53+1473619]
	Ordinal0 [0x007FAD71+961905]
	Ordinal0 [0x007842B3+475827]
	Ordinal0 [0x0071F365+62309]
	Ordinal0 [0x0071BC77+48247]
	Ordinal0 [0x00739149+168265]
	Ordinal0 [0x00738D1D+167197]
	Ordinal0 [0x0073742B+160811]
	Ordinal0 [0x00720AE6+68326]
	Ordinal0 [0x00721BF0+72688]
	Ordinal0 [0x00721B89+72585]
	Ordinal0 [0x00814B37+1067831]
	GetHandleVerifier [0x00916845+506677]
	GetHandleVerifier [0x009165E0+506064]
	GetHandleVerifier [0x0091D188+533624]
	GetHandleVerifier [0x0091701A+508682]
	Ordinal0 [0x0080C226+1032742]
	Ordinal0 [0x0080C09F+1032351]
	Ordinal0 [0x00816A4B+1075787]
	Ordinal0 [0x00816BB3+1076147]
	Ordinal0 [0x00815B65+1071973]
	BaseThreadInitThunk [0x75BD6359+25]
	RtlGetAppContainerNamedObjectPath [0x777D7B74+228]
	RtlGetAppContainerNamedObjectPath [0x777D7B44+180]
">
      <![CDATA[org.openqa.selenium.SessionNotCreatedException: session not created: This version of ChromeDriver only supports Chrome version 76
Build info: version: '3.6.0', revision: '6fbf3ec767', time: '2017-09-27T15:28:36.4Z'
System info: host: 'DESKTOP-M1O57FK', ip: '9.204.98.236', os.name: 'Windows 10', os.arch: 'amd64', os.version: '10.0', java.version: '1.8.0_221'
Driver info: driver.version: ChromeDriver
remote stacktrace: Backtrace:
	Ordinal0 [0x00877C53+1473619]
	Ordinal0 [0x007FAD71+961905]
	Ordinal0 [0x007842B3+475827]
	Ordinal0 [0x0071F365+62309]
	Ordinal0 [0x0071BC77+48247]
	Ordinal0 [0x00739149+168265]
	Ordinal0 [0x00738D1D+167197]
	Ordinal0 [0x0073742B+160811]
	Ordinal0 [0x00720AE6+68326]
	Ordinal0 [0x00721BF0+72688]
	Ordinal0 [0x00721B89+72585]
	Ordinal0 [0x00814B37+1067831]
	GetHandleVerifier [0x00916845+506677]
	GetHandleVerifier [0x009165E0+506064]
	GetHandleVerifier [0x0091D188+533624]
	GetHandleVerifier [0x0091701A+508682]
	Ordinal0 [0x0080C226+1032742]
	Ordinal0 [0x0080C09F+1032351]
	Ordinal0 [0x00816A4B+1075787]
	Ordinal0 [0x00816BB3+1076147]
	Ordinal0 [0x00815B65+1071973]
	BaseThreadInitThunk [0x75BD6359+25]
	RtlGetAppContainerNamedObjectPath [0x777D7B74+228]
	RtlGetAppContainerNamedObjectPath [0x777D7B44+180]

	at sun.reflect.NativeConstructorAccessorImpl.newInstance0(Native Method)
	at sun.reflect.NativeConstructorAccessorImpl.newInstance(NativeConstructorAccessorImpl.java:62)
	at sun.reflect.DelegatingConstructorAccessorImpl.newInstance(DelegatingConstructorAccessorImpl.java:45)
	at java.lang.reflect.Constructor.newInstance(Constructor.java:423)
	at org.openqa.selenium.remote.W3CHandshakeResponse.lambda$new$0(W3CHandshakeResponse.java:57)
	at org.openqa.selenium.remote.W3CHandshakeResponse.lambda$getResponseFunction$2(W3CHandshakeResponse.java:104)
	at org.openqa.selenium.remote.ProtocolHandshake.lambda$createSession$24(ProtocolHandshake.java:359)
	at java.util.stream.ReferencePipeline$3$1.accept(ReferencePipeline.java:193)
	at java.util.Spliterators$ArraySpliterator.tryAdvance(Spliterators.java:958)
	at java.util.stream.ReferencePipeline.forEachWithCancel(ReferencePipeline.java:126)
	at java.util.stream.AbstractPipeline.copyIntoWithCancel(AbstractPipeline.java:499)
	at java.util.stream.AbstractPipeline.copyInto(AbstractPipeline.java:486)
	at java.util.stream.AbstractPipeline.wrapAndCopyInto(AbstractPipeline.java:472)
	at java.util.stream.FindOps$FindOp.evaluateSequential(FindOps.java:152)
	at java.util.stream.AbstractPipeline.evaluate(AbstractPipeline.java:234)
	at java.util.stream.ReferencePipeline.findFirst(ReferencePipeline.java:464)
	at org.openqa.selenium.remote.ProtocolHandshake.createSession(ProtocolHandshake.java:362)
	at org.openqa.selenium.remote.ProtocolHandshake.createSession(ProtocolHandshake.java:136)
	at org.openqa.selenium.remote.HttpCommandExecutor.execute(HttpCommandExecutor.java:142)
	at org.openqa.selenium.remote.service.DriverCommandExecutor.execute(DriverCommandExecutor.java:83)
	at org.openqa.selenium.remote.RemoteWebDriver.execute(RemoteWebDriver.java:586)
	at org.openqa.selenium.remote.RemoteWebDriver.startSession(RemoteWebDriver.java:217)
	at org.openqa.selenium.remote.RemoteWebDriver.<init>(RemoteWebDriver.java:140)
	at org.openqa.selenium.chrome.ChromeDriver.<init>(ChromeDriver.java:181)
	at org.openqa.selenium.chrome.ChromeDriver.<init>(ChromeDriver.java:168)
	at org.openqa.selenium.chrome.ChromeDriver.<init>(ChromeDriver.java:123)
	at com.training.utility.DriverFactory.getDriver(DriverFactory.java:24)
	at com.training.sanity.tests.RTTC_035.beforeMethod(RTTC_035.java:37)
	at sun.reflect.NativeMethodAccessorImpl.invoke0(Native Method)
	at sun.reflect.NativeMethodAccessorImpl.invoke(NativeMethodAccessorImpl.java:62)
	at sun.reflect.DelegatingMethodAccessorImpl.invoke(DelegatingMethodAccessorImpl.java:43)
	at java.lang.reflect.Method.invoke(Method.java:498)
	at org.testng.internal.MethodInvocationHelper.invokeMethod(MethodInvocationHelper.java:86)
	at org.testng.internal.Invoker.invokeConfigurationMethod(Invoker.java:514)
	at org.testng.internal.Invoker.invokeConfigurations(Invoker.java:215)
	at org.testng.internal.Invoker.invokeMethod(Invoker.java:589)
	at org.testng.internal.Invoker.invokeTestMethod(Invoker.java:822)
	at org.testng.internal.Invoker.invokeTestMethods(Invoker.java:1130)
	at org.testng.internal.TestMethodWorker.invokeTestMethods(TestMethodWorker.java:129)
	at org.testng.internal.TestMethodWorker.run(TestMethodWorker.java:112)
	at org.testng.TestRunner.privateRun(TestRunner.java:782)
	at org.testng.TestRunner.run(TestRunner.java:632)
	at org.testng.SuiteRunner.runTest(SuiteRunner.java:366)
	at org.testng.SuiteRunner.runSequentially(SuiteRunner.java:361)
	at org.testng.SuiteRunner.privateRun(SuiteRunner.java:319)
	at org.testng.SuiteRunner.run(SuiteRunner.java:268)
	at org.testng.SuiteRunnerWorker.runSuite(SuiteRunnerWorker.java:52)
	at org.testng.SuiteRunnerWorker.run(SuiteRunnerWorker.java:86)
	at org.testng.TestNG.runSuitesSequentially(TestNG.java:1244)
	at org.testng.TestNG.runSuitesLocally(TestNG.java:1169)
	at org.testng.TestNG.run(TestNG.java:1064)
	at org.testng.remote.RemoteTestNG.run(RemoteTestNG.java:113)
	at org.testng.remote.RemoteTestNG.initAndRun(RemoteTestNG.java:206)
	at org.testng.remote.RemoteTestNG.main(RemoteTestNG.java:177)
]]>
    </error>
  </testcase> <!-- f -->
</testsuite> <!-- com.training.sanity.tests.RTTC_035 -->
